{"/Users/woobinhuh/Documents/hrsf104/frontend-capstone/detailed-part/client/src/setupTests.js": {"path":"/Users/woobinhuh/Documents/hrsf104/frontend-capstone/detailed-part/client/src/setupTests.js","statementMap":{"0":{"start":{"line":3,"column":0},"end":{"line":3,"column":38}}},"fnMap":{},"branchMap":{},"s":{"0":4},"f":{},"b":{},"_coverageSchema":"332fd63041d2c1bcb487cc26dd0d5f7d97098a6c","hash":"9813d328bf1af6fb3097f1a2c235bea9f9dee489"}
,"/Users/woobinhuh/Documents/hrsf104/frontend-capstone/detailed-part/client/src/components/Aside.jsx": {"path":"/Users/woobinhuh/Documents/hrsf104/frontend-capstone/detailed-part/client/src/components/Aside.jsx","statementMap":{"0":{"start":{"line":9,"column":4},"end":{"line":9,"column":17}},"1":{"start":{"line":10,"column":2},"end":{"line":21,"column":3}},"2":{"start":{"line":22,"column":2},"end":{"line":22,"column":61}},"3":{"start":{"line":23,"column":2},"end":{"line":23,"column":49}},"4":{"start":{"line":24,"column":2},"end":{"line":24,"column":53}},"5":{"start":{"line":25,"column":2},"end":{"line":25,"column":51}},"6":{"start":{"line":29,"column":15},"end":{"line":29,"column":60}},"7":{"start":{"line":30,"column":13},"end":{"line":30,"column":34}},"8":{"start":{"line":31,"column":2},"end":{"line":34,"column":4}},"9":{"start":{"line":38,"column":13},"end":{"line":38,"column":26}},"10":{"start":{"line":39,"column":12},"end":{"line":39,"column":26}},"11":{"start":{"line":40,"column":2},"end":{"line":40,"column":83}},"12":{"start":{"line":40,"column":22},"end":{"line":40,"column":83}},"13":{"start":{"line":40,"column":57},"end":{"line":40,"column":81}},"14":{"start":{"line":41,"column":2},"end":{"line":41,"column":85}},"15":{"start":{"line":41,"column":23},"end":{"line":41,"column":85}},"16":{"start":{"line":41,"column":59},"end":{"line":41,"column":83}},"17":{"start":{"line":42,"column":2},"end":{"line":42,"column":83}},"18":{"start":{"line":42,"column":22},"end":{"line":42,"column":83}},"19":{"start":{"line":42,"column":57},"end":{"line":42,"column":81}},"20":{"start":{"line":46,"column":2},"end":{"line":50,"column":3}},"21":{"start":{"line":47,"column":3},"end":{"line":47,"column":36}},"22":{"start":{"line":49,"column":3},"end":{"line":49,"column":35}},"23":{"start":{"line":51,"column":2},"end":{"line":55,"column":3}},"24":{"start":{"line":52,"column":3},"end":{"line":52,"column":37}},"25":{"start":{"line":54,"column":3},"end":{"line":54,"column":36}},"26":{"start":{"line":56,"column":2},"end":{"line":60,"column":3}},"27":{"start":{"line":57,"column":3},"end":{"line":57,"column":36}},"28":{"start":{"line":59,"column":3},"end":{"line":59,"column":35}},"29":{"start":{"line":64,"column":15},"end":{"line":64,"column":17}},"30":{"start":{"line":65,"column":3},"end":{"line":67,"column":4}},"31":{"start":{"line":66,"column":5},"end":{"line":66,"column":35}},"32":{"start":{"line":68,"column":3},"end":{"line":68,"column":26}},"33":{"start":{"line":72,"column":2},"end":{"line":72,"column":21}},"34":{"start":{"line":73,"column":13},"end":{"line":78,"column":3}},"35":{"start":{"line":79,"column":2},"end":{"line":86,"column":3}},"36":{"start":{"line":80,"column":3},"end":{"line":80,"column":25}},"37":{"start":{"line":82,"column":3},"end":{"line":85,"column":6}},"38":{"start":{"line":84,"column":5},"end":{"line":84,"column":34}},"39":{"start":{"line":89,"column":2},"end":{"line":92,"column":4}},"40":{"start":{"line":95,"column":2},"end":{"line":98,"column":4}},"41":{"start":{"line":102,"column":22},"end":{"line":102,"column":70}},"42":{"start":{"line":103,"column":20},"end":{"line":105,"column":3}},"43":{"start":{"line":106,"column":2},"end":{"line":185,"column":3}}},"fnMap":{"0":{"name":"(anonymous_0)","decl":{"start":{"line":8,"column":1},"end":{"line":8,"column":2}},"loc":{"start":{"line":8,"column":20},"end":{"line":26,"column":2}},"line":8},"1":{"name":"(anonymous_1)","decl":{"start":{"line":28,"column":1},"end":{"line":28,"column":2}},"loc":{"start":{"line":28,"column":20},"end":{"line":35,"column":2}},"line":28},"2":{"name":"(anonymous_2)","decl":{"start":{"line":37,"column":1},"end":{"line":37,"column":2}},"loc":{"start":{"line":37,"column":15},"end":{"line":43,"column":2}},"line":37},"3":{"name":"(anonymous_3)","decl":{"start":{"line":40,"column":51},"end":{"line":40,"column":52}},"loc":{"start":{"line":40,"column":57},"end":{"line":40,"column":81}},"line":40},"4":{"name":"(anonymous_4)","decl":{"start":{"line":41,"column":53},"end":{"line":41,"column":54}},"loc":{"start":{"line":41,"column":59},"end":{"line":41,"column":83}},"line":41},"5":{"name":"(anonymous_5)","decl":{"start":{"line":42,"column":51},"end":{"line":42,"column":52}},"loc":{"start":{"line":42,"column":57},"end":{"line":42,"column":81}},"line":42},"6":{"name":"(anonymous_6)","decl":{"start":{"line":45,"column":1},"end":{"line":45,"column":2}},"loc":{"start":{"line":45,"column":20},"end":{"line":61,"column":2}},"line":45},"7":{"name":"(anonymous_7)","decl":{"start":{"line":63,"column":1},"end":{"line":63,"column":2}},"loc":{"start":{"line":63,"column":12},"end":{"line":69,"column":2}},"line":63},"8":{"name":"(anonymous_8)","decl":{"start":{"line":71,"column":1},"end":{"line":71,"column":2}},"loc":{"start":{"line":71,"column":17},"end":{"line":87,"column":2}},"line":71},"9":{"name":"(anonymous_9)","decl":{"start":{"line":83,"column":10},"end":{"line":83,"column":11}},"loc":{"start":{"line":83,"column":17},"end":{"line":85,"column":5}},"line":83},"10":{"name":"(anonymous_10)","decl":{"start":{"line":88,"column":1},"end":{"line":88,"column":2}},"loc":{"start":{"line":88,"column":15},"end":{"line":93,"column":2}},"line":88},"11":{"name":"(anonymous_11)","decl":{"start":{"line":94,"column":1},"end":{"line":94,"column":2}},"loc":{"start":{"line":94,"column":20},"end":{"line":99,"column":2}},"line":94},"12":{"name":"(anonymous_12)","decl":{"start":{"line":101,"column":1},"end":{"line":101,"column":2}},"loc":{"start":{"line":101,"column":9},"end":{"line":186,"column":2}},"line":101}},"branchMap":{"0":{"loc":{"start":{"line":40,"column":2},"end":{"line":40,"column":83}},"type":"if","locations":[{"start":{"line":40,"column":2},"end":{"line":40,"column":83}},{"start":{"line":40,"column":2},"end":{"line":40,"column":83}}],"line":40},"1":{"loc":{"start":{"line":41,"column":2},"end":{"line":41,"column":85}},"type":"if","locations":[{"start":{"line":41,"column":2},"end":{"line":41,"column":85}},{"start":{"line":41,"column":2},"end":{"line":41,"column":85}}],"line":41},"2":{"loc":{"start":{"line":42,"column":2},"end":{"line":42,"column":83}},"type":"if","locations":[{"start":{"line":42,"column":2},"end":{"line":42,"column":83}},{"start":{"line":42,"column":2},"end":{"line":42,"column":83}}],"line":42},"3":{"loc":{"start":{"line":46,"column":2},"end":{"line":50,"column":3}},"type":"if","locations":[{"start":{"line":46,"column":2},"end":{"line":50,"column":3}},{"start":{"line":46,"column":2},"end":{"line":50,"column":3}}],"line":46},"4":{"loc":{"start":{"line":51,"column":2},"end":{"line":55,"column":3}},"type":"if","locations":[{"start":{"line":51,"column":2},"end":{"line":55,"column":3}},{"start":{"line":51,"column":2},"end":{"line":55,"column":3}}],"line":51},"5":{"loc":{"start":{"line":51,"column":5},"end":{"line":51,"column":70}},"type":"binary-expr","locations":[{"start":{"line":51,"column":5},"end":{"line":51,"column":33}},{"start":{"line":51,"column":37},"end":{"line":51,"column":70}}],"line":51},"6":{"loc":{"start":{"line":56,"column":2},"end":{"line":60,"column":3}},"type":"if","locations":[{"start":{"line":56,"column":2},"end":{"line":60,"column":3}},{"start":{"line":56,"column":2},"end":{"line":60,"column":3}}],"line":56},"7":{"loc":{"start":{"line":56,"column":5},"end":{"line":56,"column":99}},"type":"binary-expr","locations":[{"start":{"line":56,"column":5},"end":{"line":56,"column":31}},{"start":{"line":56,"column":35},"end":{"line":56,"column":65}},{"start":{"line":56,"column":69},"end":{"line":56,"column":99}}],"line":56},"8":{"loc":{"start":{"line":79,"column":2},"end":{"line":86,"column":3}},"type":"if","locations":[{"start":{"line":79,"column":2},"end":{"line":86,"column":3}},{"start":{"line":79,"column":2},"end":{"line":86,"column":3}}],"line":79},"9":{"loc":{"start":{"line":79,"column":5},"end":{"line":79,"column":74}},"type":"binary-expr","locations":[{"start":{"line":79,"column":5},"end":{"line":79,"column":25}},{"start":{"line":79,"column":29},"end":{"line":79,"column":50}},{"start":{"line":79,"column":54},"end":{"line":79,"column":74}}],"line":79},"10":{"loc":{"start":{"line":146,"column":43},"end":{"line":146,"column":84}},"type":"cond-expr","locations":[{"start":{"line":146,"column":66},"end":{"line":146,"column":79}},{"start":{"line":146,"column":82},"end":{"line":146,"column":84}}],"line":146},"11":{"loc":{"start":{"line":149,"column":14},"end":{"line":149,"column":98}},"type":"cond-expr","locations":[{"start":{"line":149,"column":37},"end":{"line":149,"column":93}},{"start":{"line":149,"column":96},"end":{"line":149,"column":98}}],"line":149},"12":{"loc":{"start":{"line":153,"column":43},"end":{"line":153,"column":85}},"type":"cond-expr","locations":[{"start":{"line":153,"column":67},"end":{"line":153,"column":80}},{"start":{"line":153,"column":83},"end":{"line":153,"column":85}}],"line":153},"13":{"loc":{"start":{"line":156,"column":14},"end":{"line":156,"column":154}},"type":"cond-expr","locations":[{"start":{"line":156,"column":38},"end":{"line":156,"column":149}},{"start":{"line":156,"column":152},"end":{"line":156,"column":154}}],"line":156},"14":{"loc":{"start":{"line":160,"column":43},"end":{"line":160,"column":84}},"type":"cond-expr","locations":[{"start":{"line":160,"column":66},"end":{"line":160,"column":79}},{"start":{"line":160,"column":82},"end":{"line":160,"column":84}}],"line":160},"15":{"loc":{"start":{"line":163,"column":14},"end":{"line":163,"column":110}},"type":"cond-expr","locations":[{"start":{"line":163,"column":37},"end":{"line":163,"column":105}},{"start":{"line":163,"column":108},"end":{"line":163,"column":110}}],"line":163},"16":{"loc":{"start":{"line":166,"column":57},"end":{"line":166,"column":97}},"type":"cond-expr","locations":[{"start":{"line":166,"column":71},"end":{"line":166,"column":83}},{"start":{"line":166,"column":86},"end":{"line":166,"column":97}}],"line":166},"17":{"loc":{"start":{"line":182,"column":7},"end":{"line":182,"column":112}},"type":"cond-expr","locations":[{"start":{"line":182,"column":30},"end":{"line":182,"column":107}},{"start":{"line":182,"column":110},"end":{"line":182,"column":112}}],"line":182}},"s":{"0":4,"1":4,"2":4,"3":4,"4":4,"5":4,"6":4,"7":4,"8":4,"9":0,"10":0,"11":0,"12":0,"13":0,"14":0,"15":0,"16":0,"17":0,"18":0,"19":0,"20":0,"21":0,"22":0,"23":0,"24":0,"25":0,"26":0,"27":0,"28":0,"29":3,"30":3,"31":15,"32":3,"33":3,"34":3,"35":3,"36":0,"37":3,"38":0,"39":0,"40":0,"41":11,"42":11,"43":11},"f":{"0":4,"1":4,"2":0,"3":0,"4":0,"5":0,"6":0,"7":3,"8":3,"9":0,"10":0,"11":0,"12":11},"b":{"0":[0,0],"1":[0,0],"2":[0,0],"3":[0,0],"4":[0,0],"5":[0,0],"6":[0,0],"7":[0,0,0],"8":[0,3],"9":[3,3,3],"10":[0,11],"11":[0,11],"12":[0,11],"13":[0,11],"14":[0,11],"15":[0,11],"16":[0,11],"17":[3,8]},"_coverageSchema":"332fd63041d2c1bcb487cc26dd0d5f7d97098a6c","hash":"bc69dcc6ac19c27da5ee49065a79d76f4a96c074"}
,"/Users/woobinhuh/Documents/hrsf104/frontend-capstone/detailed-part/client/src/components/DetailHead.jsx": {"path":"/Users/woobinhuh/Documents/hrsf104/frontend-capstone/detailed-part/client/src/components/DetailHead.jsx","statementMap":{"0":{"start":{"line":8,"column":8},"end":{"line":8,"column":21}},"1":{"start":{"line":9,"column":8},"end":{"line":11,"column":10}},"2":{"start":{"line":12,"column":8},"end":{"line":12,"column":49}},"3":{"start":{"line":16,"column":8},"end":{"line":18,"column":10}},"4":{"start":{"line":22,"column":8},"end":{"line":63,"column":9}}},"fnMap":{"0":{"name":"(anonymous_0)","decl":{"start":{"line":7,"column":4},"end":{"line":7,"column":5}},"loc":{"start":{"line":7,"column":23},"end":{"line":13,"column":5}},"line":7},"1":{"name":"(anonymous_1)","decl":{"start":{"line":15,"column":4},"end":{"line":15,"column":5}},"loc":{"start":{"line":15,"column":14},"end":{"line":19,"column":5}},"line":15},"2":{"name":"(anonymous_2)","decl":{"start":{"line":21,"column":4},"end":{"line":21,"column":5}},"loc":{"start":{"line":21,"column":12},"end":{"line":64,"column":5}},"line":21}},"branchMap":{"0":{"loc":{"start":{"line":38,"column":36},"end":{"line":38,"column":125}},"type":"cond-expr","locations":[{"start":{"line":38,"column":57},"end":{"line":38,"column":120}},{"start":{"line":38,"column":123},"end":{"line":38,"column":125}}],"line":38},"1":{"loc":{"start":{"line":44,"column":40},"end":{"line":44,"column":101}},"type":"cond-expr","locations":[{"start":{"line":44,"column":61},"end":{"line":44,"column":96}},{"start":{"line":44,"column":99},"end":{"line":44,"column":101}}],"line":44}},"s":{"0":3,"1":3,"2":3,"3":0,"4":3},"f":{"0":3,"1":0,"2":3},"b":{"0":[0,3],"1":[0,3]},"_coverageSchema":"332fd63041d2c1bcb487cc26dd0d5f7d97098a6c","hash":"1b4c6a3d96c35156d67e94c6850a3339858cbcae"}
,"/Users/woobinhuh/Documents/hrsf104/frontend-capstone/detailed-part/client/src/components/FollowDetails.jsx": {"path":"/Users/woobinhuh/Documents/hrsf104/frontend-capstone/detailed-part/client/src/components/FollowDetails.jsx","statementMap":{"0":{"start":{"line":11,"column":22},"end":{"line":49,"column":3}},"1":{"start":{"line":12,"column":2},"end":{"line":48,"column":10}}},"fnMap":{"0":{"name":"(anonymous_0)","decl":{"start":{"line":11,"column":22},"end":{"line":11,"column":23}},"loc":{"start":{"line":12,"column":2},"end":{"line":48,"column":10}},"line":12}},"branchMap":{},"s":{"0":1,"1":0},"f":{"0":0},"b":{},"_coverageSchema":"332fd63041d2c1bcb487cc26dd0d5f7d97098a6c","hash":"81e9c9f54fe0e32695b2ac859fcb168e040c8a34"}
,"/Users/woobinhuh/Documents/hrsf104/frontend-capstone/detailed-part/client/src/components/FollowFact.jsx": {"path":"/Users/woobinhuh/Documents/hrsf104/frontend-capstone/detailed-part/client/src/components/FollowFact.jsx","statementMap":{"0":{"start":{"line":4,"column":19},"end":{"line":97,"column":1}},"1":{"start":{"line":5,"column":1},"end":{"line":96,"column":8}}},"fnMap":{"0":{"name":"(anonymous_0)","decl":{"start":{"line":4,"column":19},"end":{"line":4,"column":20}},"loc":{"start":{"line":5,"column":1},"end":{"line":96,"column":8}},"line":5}},"branchMap":{},"s":{"0":1,"1":0},"f":{"0":0},"b":{},"_coverageSchema":"332fd63041d2c1bcb487cc26dd0d5f7d97098a6c","hash":"6e9f68891c1c75ece74038b75ab6b06c7508a8e8"}
,"/Users/woobinhuh/Documents/hrsf104/frontend-capstone/detailed-part/client/src/components/FollowingContents.jsx": {"path":"/Users/woobinhuh/Documents/hrsf104/frontend-capstone/detailed-part/client/src/components/FollowingContents.jsx","statementMap":{"0":{"start":{"line":6,"column":26},"end":{"line":13,"column":1}},"1":{"start":{"line":7,"column":2},"end":{"line":12,"column":8}}},"fnMap":{"0":{"name":"(anonymous_0)","decl":{"start":{"line":6,"column":26},"end":{"line":6,"column":27}},"loc":{"start":{"line":7,"column":2},"end":{"line":12,"column":8}},"line":7}},"branchMap":{},"s":{"0":1,"1":3},"f":{"0":3},"b":{},"_coverageSchema":"332fd63041d2c1bcb487cc26dd0d5f7d97098a6c","hash":"09dda9600f2dae1581e7180920cf225f61e47d36"}
,"/Users/woobinhuh/Documents/hrsf104/frontend-capstone/detailed-part/client/src/components/Modal.jsx": {"path":"/Users/woobinhuh/Documents/hrsf104/frontend-capstone/detailed-part/client/src/components/Modal.jsx","statementMap":{"0":{"start":{"line":4,"column":14},"end":{"line":23,"column":1}},"1":{"start":{"line":5,"column":1},"end":{"line":22,"column":7}}},"fnMap":{"0":{"name":"(anonymous_0)","decl":{"start":{"line":4,"column":14},"end":{"line":4,"column":15}},"loc":{"start":{"line":5,"column":1},"end":{"line":22,"column":7}},"line":5}},"branchMap":{"0":{"loc":{"start":{"line":10,"column":5},"end":{"line":17,"column":31}},"type":"cond-expr","locations":[{"start":{"line":11,"column":5},"end":{"line":16,"column":11}},{"start":{"line":17,"column":5},"end":{"line":17,"column":31}}],"line":10}},"s":{"0":1,"1":3},"f":{"0":3},"b":{"0":[3,0]},"_coverageSchema":"332fd63041d2c1bcb487cc26dd0d5f7d97098a6c","hash":"028b2189246002a7235646bed4977586585e020f"}
,"/Users/woobinhuh/Documents/hrsf104/frontend-capstone/detailed-part/client/src/components/PopupCal.jsx": {"path":"/Users/woobinhuh/Documents/hrsf104/frontend-capstone/detailed-part/client/src/components/PopupCal.jsx","statementMap":{"0":{"start":{"line":5,"column":2},"end":{"line":5,"column":15}},"1":{"start":{"line":6,"column":2},"end":{"line":14,"column":3}},"2":{"start":{"line":16,"column":2},"end":{"line":16,"column":55}},"3":{"start":{"line":20,"column":2},"end":{"line":23,"column":3}},"4":{"start":{"line":22,"column":9},"end":{"line":22,"column":33}},"5":{"start":{"line":27,"column":2},"end":{"line":30,"column":4}},"6":{"start":{"line":29,"column":9},"end":{"line":29,"column":33}},"7":{"start":{"line":34,"column":2},"end":{"line":37,"column":3}},"8":{"start":{"line":36,"column":9},"end":{"line":36,"column":33}},"9":{"start":{"line":41,"column":2},"end":{"line":43,"column":108}},"10":{"start":{"line":41,"column":48},"end":{"line":41,"column":110}},"11":{"start":{"line":41,"column":84},"end":{"line":41,"column":108}},"12":{"start":{"line":42,"column":7},"end":{"line":43,"column":108}},"13":{"start":{"line":42,"column":53},"end":{"line":42,"column":115}},"14":{"start":{"line":42,"column":89},"end":{"line":42,"column":113}},"15":{"start":{"line":43,"column":7},"end":{"line":43,"column":108}},"16":{"start":{"line":43,"column":46},"end":{"line":43,"column":108}},"17":{"start":{"line":43,"column":82},"end":{"line":43,"column":106}},"18":{"start":{"line":47,"column":14},"end":{"line":47,"column":28}},"19":{"start":{"line":48,"column":13},"end":{"line":48,"column":26}},"20":{"start":{"line":49,"column":14},"end":{"line":49,"column":45}},"21":{"start":{"line":51,"column":2},"end":{"line":51,"column":95}},"22":{"start":{"line":51,"column":27},"end":{"line":51,"column":95}},"23":{"start":{"line":51,"column":69},"end":{"line":51,"column":93}},"24":{"start":{"line":52,"column":2},"end":{"line":52,"column":93}},"25":{"start":{"line":52,"column":22},"end":{"line":52,"column":93}},"26":{"start":{"line":52,"column":67},"end":{"line":52,"column":91}},"27":{"start":{"line":53,"column":2},"end":{"line":53,"column":111}},"28":{"start":{"line":53,"column":29},"end":{"line":53,"column":111}},"29":{"start":{"line":53,"column":73},"end":{"line":53,"column":109}},"30":{"start":{"line":54,"column":2},"end":{"line":54,"column":118}},"31":{"start":{"line":54,"column":36},"end":{"line":54,"column":118}},"32":{"start":{"line":54,"column":87},"end":{"line":54,"column":116}},"33":{"start":{"line":55,"column":2},"end":{"line":55,"column":94}},"34":{"start":{"line":55,"column":26},"end":{"line":55,"column":94}},"35":{"start":{"line":55,"column":71},"end":{"line":55,"column":92}},"36":{"start":{"line":60,"column":14},"end":{"line":60,"column":34}},"37":{"start":{"line":61,"column":13},"end":{"line":61,"column":36}},"38":{"start":{"line":62,"column":14},"end":{"line":62,"column":33}},"39":{"start":{"line":63,"column":20},"end":{"line":63,"column":42}},"40":{"start":{"line":65,"column":15},"end":{"line":65,"column":66}},"41":{"start":{"line":67,"column":2},"end":{"line":69,"column":4}},"42":{"start":{"line":73,"column":2},"end":{"line":155,"column":3}},"43":{"start":{"line":160,"column":0},"end":{"line":160,"column":27}}},"fnMap":{"0":{"name":"(anonymous_0)","decl":{"start":{"line":4,"column":1},"end":{"line":4,"column":2}},"loc":{"start":{"line":4,"column":19},"end":{"line":17,"column":2}},"line":4},"1":{"name":"(anonymous_1)","decl":{"start":{"line":19,"column":1},"end":{"line":19,"column":2}},"loc":{"start":{"line":19,"column":20},"end":{"line":24,"column":2}},"line":19},"2":{"name":"(anonymous_2)","decl":{"start":{"line":22,"column":3},"end":{"line":22,"column":4}},"loc":{"start":{"line":22,"column":9},"end":{"line":22,"column":33}},"line":22},"3":{"name":"(anonymous_3)","decl":{"start":{"line":26,"column":1},"end":{"line":26,"column":2}},"loc":{"start":{"line":26,"column":33},"end":{"line":31,"column":2}},"line":26},"4":{"name":"(anonymous_4)","decl":{"start":{"line":29,"column":3},"end":{"line":29,"column":4}},"loc":{"start":{"line":29,"column":9},"end":{"line":29,"column":33}},"line":29},"5":{"name":"(anonymous_5)","decl":{"start":{"line":33,"column":1},"end":{"line":33,"column":2}},"loc":{"start":{"line":33,"column":27},"end":{"line":38,"column":2}},"line":33},"6":{"name":"(anonymous_6)","decl":{"start":{"line":36,"column":3},"end":{"line":36,"column":4}},"loc":{"start":{"line":36,"column":9},"end":{"line":36,"column":33}},"line":36},"7":{"name":"(anonymous_7)","decl":{"start":{"line":40,"column":1},"end":{"line":40,"column":2}},"loc":{"start":{"line":40,"column":17},"end":{"line":44,"column":2}},"line":40},"8":{"name":"(anonymous_8)","decl":{"start":{"line":41,"column":78},"end":{"line":41,"column":79}},"loc":{"start":{"line":41,"column":84},"end":{"line":41,"column":108}},"line":41},"9":{"name":"(anonymous_9)","decl":{"start":{"line":42,"column":83},"end":{"line":42,"column":84}},"loc":{"start":{"line":42,"column":89},"end":{"line":42,"column":113}},"line":42},"10":{"name":"(anonymous_10)","decl":{"start":{"line":43,"column":76},"end":{"line":43,"column":77}},"loc":{"start":{"line":43,"column":82},"end":{"line":43,"column":106}},"line":43},"11":{"name":"(anonymous_11)","decl":{"start":{"line":46,"column":1},"end":{"line":46,"column":2}},"loc":{"start":{"line":46,"column":18},"end":{"line":57,"column":2}},"line":46},"12":{"name":"(anonymous_12)","decl":{"start":{"line":51,"column":63},"end":{"line":51,"column":64}},"loc":{"start":{"line":51,"column":69},"end":{"line":51,"column":93}},"line":51},"13":{"name":"(anonymous_13)","decl":{"start":{"line":52,"column":61},"end":{"line":52,"column":62}},"loc":{"start":{"line":52,"column":67},"end":{"line":52,"column":91}},"line":52},"14":{"name":"(anonymous_14)","decl":{"start":{"line":53,"column":67},"end":{"line":53,"column":68}},"loc":{"start":{"line":53,"column":73},"end":{"line":53,"column":109}},"line":53},"15":{"name":"(anonymous_15)","decl":{"start":{"line":54,"column":81},"end":{"line":54,"column":82}},"loc":{"start":{"line":54,"column":87},"end":{"line":54,"column":116}},"line":54},"16":{"name":"(anonymous_16)","decl":{"start":{"line":55,"column":65},"end":{"line":55,"column":66}},"loc":{"start":{"line":55,"column":71},"end":{"line":55,"column":92}},"line":55},"17":{"name":"(anonymous_17)","decl":{"start":{"line":59,"column":1},"end":{"line":59,"column":2}},"loc":{"start":{"line":59,"column":20},"end":{"line":70,"column":2}},"line":59},"18":{"name":"(anonymous_18)","decl":{"start":{"line":72,"column":1},"end":{"line":72,"column":2}},"loc":{"start":{"line":72,"column":9},"end":{"line":156,"column":2}},"line":72}},"branchMap":{"0":{"loc":{"start":{"line":41,"column":2},"end":{"line":43,"column":108}},"type":"if","locations":[{"start":{"line":41,"column":2},"end":{"line":43,"column":108}},{"start":{"line":41,"column":2},"end":{"line":43,"column":108}}],"line":41},"1":{"loc":{"start":{"line":42,"column":7},"end":{"line":43,"column":108}},"type":"if","locations":[{"start":{"line":42,"column":7},"end":{"line":43,"column":108}},{"start":{"line":42,"column":7},"end":{"line":43,"column":108}}],"line":42},"2":{"loc":{"start":{"line":43,"column":7},"end":{"line":43,"column":108}},"type":"if","locations":[{"start":{"line":43,"column":7},"end":{"line":43,"column":108}},{"start":{"line":43,"column":7},"end":{"line":43,"column":108}}],"line":43},"3":{"loc":{"start":{"line":51,"column":2},"end":{"line":51,"column":95}},"type":"if","locations":[{"start":{"line":51,"column":2},"end":{"line":51,"column":95}},{"start":{"line":51,"column":2},"end":{"line":51,"column":95}}],"line":51},"4":{"loc":{"start":{"line":52,"column":2},"end":{"line":52,"column":93}},"type":"if","locations":[{"start":{"line":52,"column":2},"end":{"line":52,"column":93}},{"start":{"line":52,"column":2},"end":{"line":52,"column":93}}],"line":52},"5":{"loc":{"start":{"line":53,"column":2},"end":{"line":53,"column":111}},"type":"if","locations":[{"start":{"line":53,"column":2},"end":{"line":53,"column":111}},{"start":{"line":53,"column":2},"end":{"line":53,"column":111}}],"line":53},"6":{"loc":{"start":{"line":54,"column":2},"end":{"line":54,"column":118}},"type":"if","locations":[{"start":{"line":54,"column":2},"end":{"line":54,"column":118}},{"start":{"line":54,"column":2},"end":{"line":54,"column":118}}],"line":54},"7":{"loc":{"start":{"line":55,"column":2},"end":{"line":55,"column":94}},"type":"if","locations":[{"start":{"line":55,"column":2},"end":{"line":55,"column":94}},{"start":{"line":55,"column":2},"end":{"line":55,"column":94}}],"line":55},"8":{"loc":{"start":{"line":81,"column":11},"end":{"line":151,"column":22}},"type":"cond-expr","locations":[{"start":{"line":82,"column":11},"end":{"line":151,"column":17}},{"start":{"line":151,"column":20},"end":{"line":151,"column":22}}],"line":81}},"s":{"0":1,"1":1,"2":1,"3":2,"4":2,"5":0,"6":0,"7":0,"8":0,"9":0,"10":0,"11":0,"12":0,"13":0,"14":0,"15":0,"16":0,"17":0,"18":0,"19":0,"20":0,"21":0,"22":0,"23":0,"24":0,"25":0,"26":0,"27":0,"28":0,"29":0,"30":0,"31":0,"32":0,"33":0,"34":0,"35":0,"36":2,"37":2,"38":2,"39":2,"40":2,"41":2,"42":6,"43":2},"f":{"0":1,"1":2,"2":2,"3":0,"4":0,"5":0,"6":0,"7":0,"8":0,"9":0,"10":0,"11":0,"12":0,"13":0,"14":0,"15":0,"16":0,"17":2,"18":6},"b":{"0":[0,0],"1":[0,0],"2":[0,0],"3":[0,0],"4":[0,0],"5":[0,0],"6":[0,0],"7":[0,0],"8":[6,0]},"_coverageSchema":"332fd63041d2c1bcb487cc26dd0d5f7d97098a6c","hash":"21e2969206f9615c256ab70243c00f3204aa9585"}
,"/Users/woobinhuh/Documents/hrsf104/frontend-capstone/detailed-part/client/src/components/Tooltip.jsx": {"path":"/Users/woobinhuh/Documents/hrsf104/frontend-capstone/detailed-part/client/src/components/Tooltip.jsx","statementMap":{"0":{"start":{"line":4,"column":16},"end":{"line":11,"column":1}},"1":{"start":{"line":5,"column":1},"end":{"line":10,"column":7}}},"fnMap":{"0":{"name":"(anonymous_0)","decl":{"start":{"line":4,"column":16},"end":{"line":4,"column":17}},"loc":{"start":{"line":5,"column":1},"end":{"line":10,"column":7}},"line":5}},"branchMap":{},"s":{"0":1,"1":0},"f":{"0":0},"b":{},"_coverageSchema":"332fd63041d2c1bcb487cc26dd0d5f7d97098a6c","hash":"b2716e29d923b5e9137efeca0fcaca61654e8ef4"}
,"/Users/woobinhuh/Documents/hrsf104/frontend-capstone/detailed-part/client/src/components/followDetails/ActivityOnZillow.jsx": {"path":"/Users/woobinhuh/Documents/hrsf104/frontend-capstone/detailed-part/client/src/components/followDetails/ActivityOnZillow.jsx","statementMap":{"0":{"start":{"line":4,"column":25},"end":{"line":29,"column":1}},"1":{"start":{"line":5,"column":1},"end":{"line":28,"column":7}}},"fnMap":{"0":{"name":"(anonymous_0)","decl":{"start":{"line":4,"column":25},"end":{"line":4,"column":26}},"loc":{"start":{"line":5,"column":1},"end":{"line":28,"column":7}},"line":5}},"branchMap":{},"s":{"0":1,"1":0},"f":{"0":0},"b":{},"_coverageSchema":"332fd63041d2c1bcb487cc26dd0d5f7d97098a6c","hash":"fd4f73de8c28d79d2eddf9396db0eb35ad132e9c"}
,"/Users/woobinhuh/Documents/hrsf104/frontend-capstone/detailed-part/client/src/components/followDetails/Construction.jsx": {"path":"/Users/woobinhuh/Documents/hrsf104/frontend-capstone/detailed-part/client/src/components/followDetails/Construction.jsx","statementMap":{"0":{"start":{"line":4,"column":21},"end":{"line":57,"column":1}},"1":{"start":{"line":5,"column":1},"end":{"line":56,"column":7}}},"fnMap":{"0":{"name":"(anonymous_0)","decl":{"start":{"line":4,"column":21},"end":{"line":4,"column":22}},"loc":{"start":{"line":5,"column":1},"end":{"line":56,"column":7}},"line":5}},"branchMap":{},"s":{"0":1,"1":0},"f":{"0":0},"b":{},"_coverageSchema":"332fd63041d2c1bcb487cc26dd0d5f7d97098a6c","hash":"20def4202c05968924062a0d3e77317a647a2695"}
,"/Users/woobinhuh/Documents/hrsf104/frontend-capstone/detailed-part/client/src/components/followDetails/ExteriorFeatures.jsx": {"path":"/Users/woobinhuh/Documents/hrsf104/frontend-capstone/detailed-part/client/src/components/followDetails/ExteriorFeatures.jsx","statementMap":{"0":{"start":{"line":3,"column":25},"end":{"line":35,"column":1}},"1":{"start":{"line":4,"column":1},"end":{"line":34,"column":7}}},"fnMap":{"0":{"name":"(anonymous_0)","decl":{"start":{"line":3,"column":25},"end":{"line":3,"column":26}},"loc":{"start":{"line":4,"column":1},"end":{"line":34,"column":7}},"line":4}},"branchMap":{},"s":{"0":1,"1":0},"f":{"0":0},"b":{},"_coverageSchema":"332fd63041d2c1bcb487cc26dd0d5f7d97098a6c","hash":"b8660ff1a9b8ebf12fc4d5e9aaa29ad81124c408"}
,"/Users/woobinhuh/Documents/hrsf104/frontend-capstone/detailed-part/client/src/components/followDetails/InteriorFeatures.jsx": {"path":"/Users/woobinhuh/Documents/hrsf104/frontend-capstone/detailed-part/client/src/components/followDetails/InteriorFeatures.jsx","statementMap":{"0":{"start":{"line":3,"column":25},"end":{"line":66,"column":1}},"1":{"start":{"line":4,"column":1},"end":{"line":65,"column":7}}},"fnMap":{"0":{"name":"(anonymous_0)","decl":{"start":{"line":3,"column":25},"end":{"line":3,"column":26}},"loc":{"start":{"line":4,"column":1},"end":{"line":65,"column":7}},"line":4}},"branchMap":{},"s":{"0":1,"1":0},"f":{"0":0},"b":{},"_coverageSchema":"332fd63041d2c1bcb487cc26dd0d5f7d97098a6c","hash":"8410ff17c8239a5d9b2ada8191d3828bfde9c6d5"}
,"/Users/woobinhuh/Documents/hrsf104/frontend-capstone/detailed-part/client/src/components/followDetails/Other.jsx": {"path":"/Users/woobinhuh/Documents/hrsf104/frontend-capstone/detailed-part/client/src/components/followDetails/Other.jsx","statementMap":{"0":{"start":{"line":4,"column":14},"end":{"line":26,"column":1}},"1":{"start":{"line":5,"column":1},"end":{"line":25,"column":7}}},"fnMap":{"0":{"name":"(anonymous_0)","decl":{"start":{"line":4,"column":14},"end":{"line":4,"column":15}},"loc":{"start":{"line":5,"column":1},"end":{"line":25,"column":7}},"line":5}},"branchMap":{},"s":{"0":1,"1":0},"f":{"0":0},"b":{},"_coverageSchema":"332fd63041d2c1bcb487cc26dd0d5f7d97098a6c","hash":"37a090f4e52cec3b7dbc27e0e01857047dac66e3"}
,"/Users/woobinhuh/Documents/hrsf104/frontend-capstone/detailed-part/client/src/components/followDetails/Parking.jsx": {"path":"/Users/woobinhuh/Documents/hrsf104/frontend-capstone/detailed-part/client/src/components/followDetails/Parking.jsx","statementMap":{"0":{"start":{"line":3,"column":16},"end":{"line":21,"column":1}},"1":{"start":{"line":4,"column":1},"end":{"line":20,"column":7}}},"fnMap":{"0":{"name":"(anonymous_0)","decl":{"start":{"line":3,"column":16},"end":{"line":3,"column":17}},"loc":{"start":{"line":4,"column":1},"end":{"line":20,"column":7}},"line":4}},"branchMap":{},"s":{"0":1,"1":0},"f":{"0":0},"b":{},"_coverageSchema":"332fd63041d2c1bcb487cc26dd0d5f7d97098a6c","hash":"06ca11167c94461f741d295724bfe50dc7964628"}
,"/Users/woobinhuh/Documents/hrsf104/frontend-capstone/detailed-part/client/src/components/followDetails/SpaceAndAmenities.jsx": {"path":"/Users/woobinhuh/Documents/hrsf104/frontend-capstone/detailed-part/client/src/components/followDetails/SpaceAndAmenities.jsx","statementMap":{"0":{"start":{"line":3,"column":26},"end":{"line":39,"column":1}},"1":{"start":{"line":4,"column":1},"end":{"line":38,"column":7}}},"fnMap":{"0":{"name":"(anonymous_0)","decl":{"start":{"line":3,"column":26},"end":{"line":3,"column":27}},"loc":{"start":{"line":4,"column":1},"end":{"line":38,"column":7}},"line":4}},"branchMap":{},"s":{"0":1,"1":0},"f":{"0":0},"b":{},"_coverageSchema":"332fd63041d2c1bcb487cc26dd0d5f7d97098a6c","hash":"5e1edffe3307c61be63bb3c52bc0b86b5016636a"}
}
