TN:
SF:/Users/woobinhuh/Documents/hrsf104/frontend-capstone/detailed-part/client/src/setupTests.js
FNF:0
FNH:0
DA:3,4
LF:1
LH:1
BRF:0
BRH:0
end_of_record
TN:
SF:/Users/woobinhuh/Documents/hrsf104/frontend-capstone/detailed-part/client/src/components/Aside.jsx
FN:8,(anonymous_0)
FN:28,(anonymous_1)
FN:37,(anonymous_2)
FN:40,(anonymous_3)
FN:41,(anonymous_4)
FN:42,(anonymous_5)
FN:45,(anonymous_6)
FN:63,(anonymous_7)
FN:71,(anonymous_8)
FN:83,(anonymous_9)
FN:88,(anonymous_10)
FN:94,(anonymous_11)
FN:101,(anonymous_12)
FNF:13
FNH:5
FNDA:4,(anonymous_0)
FNDA:4,(anonymous_1)
FNDA:0,(anonymous_2)
FNDA:0,(anonymous_3)
FNDA:0,(anonymous_4)
FNDA:0,(anonymous_5)
FNDA:0,(anonymous_6)
FNDA:3,(anonymous_7)
FNDA:3,(anonymous_8)
FNDA:0,(anonymous_9)
FNDA:0,(anonymous_10)
FNDA:0,(anonymous_11)
FNDA:11,(anonymous_12)
DA:9,4
DA:10,4
DA:22,4
DA:23,4
DA:24,4
DA:25,4
DA:29,4
DA:30,4
DA:31,4
DA:38,0
DA:39,0
DA:40,0
DA:41,0
DA:42,0
DA:46,0
DA:47,0
DA:49,0
DA:51,0
DA:52,0
DA:54,0
DA:56,0
DA:57,0
DA:59,0
DA:64,3
DA:65,3
DA:66,15
DA:68,3
DA:72,3
DA:73,3
DA:79,3
DA:80,0
DA:82,3
DA:84,0
DA:89,0
DA:95,0
DA:102,11
DA:103,11
DA:106,11
LF:38
LH:20
BRDA:40,0,0,0
BRDA:40,0,1,0
BRDA:41,1,0,0
BRDA:41,1,1,0
BRDA:42,2,0,0
BRDA:42,2,1,0
BRDA:46,3,0,0
BRDA:46,3,1,0
BRDA:51,4,0,0
BRDA:51,4,1,0
BRDA:51,5,0,0
BRDA:51,5,1,0
BRDA:56,6,0,0
BRDA:56,6,1,0
BRDA:56,7,0,0
BRDA:56,7,1,0
BRDA:56,7,2,0
BRDA:79,8,0,0
BRDA:79,8,1,3
BRDA:79,9,0,3
BRDA:79,9,1,3
BRDA:79,9,2,3
BRDA:146,10,0,0
BRDA:146,10,1,11
BRDA:149,11,0,0
BRDA:149,11,1,11
BRDA:153,12,0,0
BRDA:153,12,1,11
BRDA:156,13,0,0
BRDA:156,13,1,11
BRDA:160,14,0,0
BRDA:160,14,1,11
BRDA:163,15,0,0
BRDA:163,15,1,11
BRDA:166,16,0,0
BRDA:166,16,1,11
BRDA:182,17,0,3
BRDA:182,17,1,8
BRF:38
BRH:13
end_of_record
TN:
SF:/Users/woobinhuh/Documents/hrsf104/frontend-capstone/detailed-part/client/src/components/DetailHead.jsx
FN:7,(anonymous_0)
FN:15,(anonymous_1)
FN:21,(anonymous_2)
FNF:3
FNH:2
FNDA:3,(anonymous_0)
FNDA:0,(anonymous_1)
FNDA:3,(anonymous_2)
DA:8,3
DA:9,3
DA:12,3
DA:16,0
DA:22,3
LF:5
LH:4
BRDA:38,0,0,0
BRDA:38,0,1,3
BRDA:44,1,0,0
BRDA:44,1,1,3
BRF:4
BRH:2
end_of_record
TN:
SF:/Users/woobinhuh/Documents/hrsf104/frontend-capstone/detailed-part/client/src/components/FollowDetails.jsx
FN:11,(anonymous_0)
FNF:1
FNH:0
FNDA:0,(anonymous_0)
DA:11,1
DA:12,0
LF:2
LH:1
BRF:0
BRH:0
end_of_record
TN:
SF:/Users/woobinhuh/Documents/hrsf104/frontend-capstone/detailed-part/client/src/components/FollowFact.jsx
FN:4,(anonymous_0)
FNF:1
FNH:0
FNDA:0,(anonymous_0)
DA:4,1
DA:5,0
LF:2
LH:1
BRF:0
BRH:0
end_of_record
TN:
SF:/Users/woobinhuh/Documents/hrsf104/frontend-capstone/detailed-part/client/src/components/FollowingContents.jsx
FN:6,(anonymous_0)
FNF:1
FNH:1
FNDA:3,(anonymous_0)
DA:6,1
DA:7,3
LF:2
LH:2
BRF:0
BRH:0
end_of_record
TN:
SF:/Users/woobinhuh/Documents/hrsf104/frontend-capstone/detailed-part/client/src/components/Modal.jsx
FN:4,(anonymous_0)
FNF:1
FNH:1
FNDA:3,(anonymous_0)
DA:4,1
DA:5,3
LF:2
LH:2
BRDA:10,0,0,3
BRDA:10,0,1,0
BRF:2
BRH:1
end_of_record
TN:
SF:/Users/woobinhuh/Documents/hrsf104/frontend-capstone/detailed-part/client/src/components/PopupCal.jsx
FN:4,(anonymous_0)
FN:19,(anonymous_1)
FN:22,(anonymous_2)
FN:26,(anonymous_3)
FN:29,(anonymous_4)
FN:33,(anonymous_5)
FN:36,(anonymous_6)
FN:40,(anonymous_7)
FN:41,(anonymous_8)
FN:42,(anonymous_9)
FN:43,(anonymous_10)
FN:46,(anonymous_11)
FN:51,(anonymous_12)
FN:52,(anonymous_13)
FN:53,(anonymous_14)
FN:54,(anonymous_15)
FN:55,(anonymous_16)
FN:59,(anonymous_17)
FN:72,(anonymous_18)
FNF:19
FNH:5
FNDA:1,(anonymous_0)
FNDA:2,(anonymous_1)
FNDA:2,(anonymous_2)
FNDA:0,(anonymous_3)
FNDA:0,(anonymous_4)
FNDA:0,(anonymous_5)
FNDA:0,(anonymous_6)
FNDA:0,(anonymous_7)
FNDA:0,(anonymous_8)
FNDA:0,(anonymous_9)
FNDA:0,(anonymous_10)
FNDA:0,(anonymous_11)
FNDA:0,(anonymous_12)
FNDA:0,(anonymous_13)
FNDA:0,(anonymous_14)
FNDA:0,(anonymous_15)
FNDA:0,(anonymous_16)
FNDA:2,(anonymous_17)
FNDA:6,(anonymous_18)
DA:5,1
DA:6,1
DA:16,1
DA:20,2
DA:22,2
DA:27,0
DA:29,0
DA:34,0
DA:36,0
DA:41,0
DA:42,0
DA:43,0
DA:47,0
DA:48,0
DA:49,0
DA:51,0
DA:52,0
DA:53,0
DA:54,0
DA:55,0
DA:60,2
DA:61,2
DA:62,2
DA:63,2
DA:65,2
DA:67,2
DA:73,6
DA:160,2
LF:28
LH:13
BRDA:41,0,0,0
BRDA:41,0,1,0
BRDA:42,1,0,0
BRDA:42,1,1,0
BRDA:43,2,0,0
BRDA:43,2,1,0
BRDA:51,3,0,0
BRDA:51,3,1,0
BRDA:52,4,0,0
BRDA:52,4,1,0
BRDA:53,5,0,0
BRDA:53,5,1,0
BRDA:54,6,0,0
BRDA:54,6,1,0
BRDA:55,7,0,0
BRDA:55,7,1,0
BRDA:81,8,0,6
BRDA:81,8,1,0
BRF:18
BRH:1
end_of_record
TN:
SF:/Users/woobinhuh/Documents/hrsf104/frontend-capstone/detailed-part/client/src/components/Tooltip.jsx
FN:4,(anonymous_0)
FNF:1
FNH:0
FNDA:0,(anonymous_0)
DA:4,1
DA:5,0
LF:2
LH:1
BRF:0
BRH:0
end_of_record
TN:
SF:/Users/woobinhuh/Documents/hrsf104/frontend-capstone/detailed-part/client/src/components/followDetails/ActivityOnZillow.jsx
FN:4,(anonymous_0)
FNF:1
FNH:0
FNDA:0,(anonymous_0)
DA:4,1
DA:5,0
LF:2
LH:1
BRF:0
BRH:0
end_of_record
TN:
SF:/Users/woobinhuh/Documents/hrsf104/frontend-capstone/detailed-part/client/src/components/followDetails/Construction.jsx
FN:4,(anonymous_0)
FNF:1
FNH:0
FNDA:0,(anonymous_0)
DA:4,1
DA:5,0
LF:2
LH:1
BRF:0
BRH:0
end_of_record
TN:
SF:/Users/woobinhuh/Documents/hrsf104/frontend-capstone/detailed-part/client/src/components/followDetails/ExteriorFeatures.jsx
FN:3,(anonymous_0)
FNF:1
FNH:0
FNDA:0,(anonymous_0)
DA:3,1
DA:4,0
LF:2
LH:1
BRF:0
BRH:0
end_of_record
TN:
SF:/Users/woobinhuh/Documents/hrsf104/frontend-capstone/detailed-part/client/src/components/followDetails/InteriorFeatures.jsx
FN:3,(anonymous_0)
FNF:1
FNH:0
FNDA:0,(anonymous_0)
DA:3,1
DA:4,0
LF:2
LH:1
BRF:0
BRH:0
end_of_record
TN:
SF:/Users/woobinhuh/Documents/hrsf104/frontend-capstone/detailed-part/client/src/components/followDetails/Other.jsx
FN:4,(anonymous_0)
FNF:1
FNH:0
FNDA:0,(anonymous_0)
DA:4,1
DA:5,0
LF:2
LH:1
BRF:0
BRH:0
end_of_record
TN:
SF:/Users/woobinhuh/Documents/hrsf104/frontend-capstone/detailed-part/client/src/components/followDetails/Parking.jsx
FN:3,(anonymous_0)
FNF:1
FNH:0
FNDA:0,(anonymous_0)
DA:3,1
DA:4,0
LF:2
LH:1
BRF:0
BRH:0
end_of_record
TN:
SF:/Users/woobinhuh/Documents/hrsf104/frontend-capstone/detailed-part/client/src/components/followDetails/SpaceAndAmenities.jsx
FN:3,(anonymous_0)
FNF:1
FNH:0
FNDA:0,(anonymous_0)
DA:3,1
DA:4,0
LF:2
LH:1
BRF:0
BRH:0
end_of_record
